<?xml version="1.0" encoding="UTF-8"?>
<!-- Generated by org.testng.reporters.JUnitReportReporter -->
<testsuite hostname="DESKTOP-EJBO9TN" failures="0" tests="1" name="com.smoke.tests.WelcomeTest" time="7.866" errors="0" timestamp="2022-08-27T23:23:22 IST" skipped="0">
  <testcase classname="com.smoke.tests.WelcomeTest" name="welcomeTest" time="7.866"/>
  <system-out/>
</testsuite> <!-- com.smoke.tests.WelcomeTest -->
